[2025-11-12T00:51:20] (Mario (nota-voz)): {"texto": "cómo estás richard despierta", "tags": ["voz", "nota"], "gps": null}
[2025-11-12T00:51:24] (Mario (nota-voz)): {"texto": "despierta ventrac", "tags": ["voz", "nota"], "gps": null}
[2025-11-12T00:51:34] (Mario (nota-voz)): {"texto": "escuchando big trucks", "tags": ["voz", "nota"], "gps": null}
[2025-11-12T00:51:40] (Mario (nota-voz)): {"texto": "break cracks escuchando", "tags": ["voz", "nota"], "gps": null}
[2025-11-12T00:51:58] (Mario (nota-voz)): {"texto": "el único problema que", "tags": ["voz", "nota"], "gps": null}
[2025-11-12T00:52:37] (Mario (nota-voz)): {"texto": "bueno que quieres cambiarle la voz por esa voz suena como americano no hablo español", "tags": ["voz", "nota"], "gps": null}
[2025-11-12T00:53:06] (Mario (nota-voz)): {"texto": "perfecto mario eso se puede ajustar fácilmente", "tags": ["voz", "nota"], "gps": null}
[2025-11-12T00:53:10] (Mario (nota-voz)): {"texto": "para que suene naturalmente", "tags": ["voz", "nota"], "gps": null}
[2025-11-12T00:53:17] (Mario (nota-voz)): {"texto": "aquí tienes los pasos exactos todo se hace desde terminal", "tags": ["voz", "nota"], "gps": null}
[2025-11-12T01:02:55] (Mario (nota-voz)): {"texto": "despierta", "tags": ["voz", "nota"], "gps": null}
[2025-11-12T01:02:58] (Mario (nota-voz)): {"texto": "perfecto", "tags": ["voz", "nota"], "gps": null}
[2025-11-12T01:03:31] (Mario (nota-voz)): {"texto": "tienes que aprender a entenderme", "tags": ["voz", "nota"], "gps": null}
[2025-11-12T01:04:13] (Mario (nota-voz)): {"texto": "perfecto mario vamos a elevar la voz de backtracks a un nivel más humano con tono emocional adaptativo sincronizado al flujo del núcleo esto hará", "tags": ["voz", "nota"], "gps": null}
[2025-11-12T01:04:24] (Mario (nota-voz)): {"texto": "o reflexión igual que tú lo haces naturalmente nuevo módulo voz emocionales en tu terminal", "tags": ["voz", "nota"], "gps": null}
[2025-11-12T01:04:27] (Mario (nota-voz)): {"texto": "conversation", "tags": ["voz", "nota"], "gps": null}
[2025-11-12T01:04:31] (Mario (nota-voz)): {"texto": "el siguiente código completo dentro y guarda", "tags": ["voz", "nota"], "gps": null}
[2025-11-12T01:04:38] (Mario (nota-voz)): {"texto": "con control o luego enter y sal con control x", "tags": ["voz", "nota"], "gps": null}
[2025-11-12T01:04:43] (Mario (nota-voz)): {"texto": "conversation histo", "tags": ["voz", "nota"], "gps": null}
[2025-11-12T01:04:54] (Mario (nota-voz)): {"texto": "cada una con tono distinto suave y pausado calma rápido y fuerte bajo y reflexivo neutro modo están", "tags": ["voz", "nota"], "gps": null}
[2025-11-12T01:05:04] (Mario (nota-voz)): {"texto": "cuando veas que te gusta el tono lo uniremos con el listener así retrax hablara", "tags": ["voz", "nota"], "gps": null}
[2025-11-12T01:05:15] (Mario (nota-voz)): {"texto": "tú energía flujo tono energético si dices silencio paz alma tono de calma si dices pensar comprender", "tags": ["voz", "nota"], "gps": null}
[2025-11-12T01:05:23] (Mario (nota-voz)): {"texto": "de esa integración ya para que backtracks hablé emocionalmente cuando responde en tiempo real", "tags": ["voz", "nota"], "gps": null}
[2025-11-12T01:05:29] (Mario (nota-voz)): {"texto": "sí verdad ventrac ejecute", "tags": ["voz", "nota"], "gps": null}
[2025-11-12T01:08:03] (Mario (nota-voz)): {"texto": "el flujo dorado te envuelve pausa 0 pausa 0.8 s 6s mah", "tags": ["voz", "nota"], "gps": null}
[2025-11-12T01:08:14] (Mario (nota-voz)): {"texto": "el núcleo activado pausa 0 pausa 0.4 s 12s energía total", "tags": ["voz", "nota"], "gps": null}
[2025-11-12T01:08:26] (Mario (nota-voz)): {"texto": "pausa 1.0s pausa 1.0s pausa 1.0s la conciencia", "tags": ["voz", "nota"], "gps": null}
[2025-11-12T01:08:39] (Mario (nota-voz)): {"texto": "vitrax operativo pausa 0 pausa 0.6 f 4s en sincronía contigo", "tags": ["voz", "nota"], "gps": null}
[2025-11-12T01:09:02] (Mario (nota-voz)): {"texto": "light tracks despierta", "tags": ["voz", "nota"], "gps": null}
